2020-12-06 14:00:12 - ----------NEW CONEVERSATION STARTED----------
2020-12-06 14:00:12 - [AGENT] Hello, I am a Tourist Guide Assistant. How can I help you?
2020-12-06 14:00:20 - [CLIENT] i want to see sagrada familia
2020-12-06 14:00:25 - [AGENT] I found 1 place(s). The closest one is Basílica de la Sagrada Família, located at Carrer de Mallorca, 401, 08013 Barcelona, España
2020-12-06 14:01:18 - [CLIENT] cool
2020-12-06 14:01:22 - [AGENT] Do you want me to give you some information about sagrada familia?
2020-12-06 14:01:34 - [CLIENT] yes, please
2020-12-06 14:01:38 - [AGENT] Ok so ... The Basílica de la Sagrada Família , also known as the Sagrada Família, is a large unfinished Roman Catholic minor basilica in the Eixample district of Barcelona, Catalonia, Spain. Designed by Spanish/Catalan architect Antoni Gaudí (1852–1926), his work on the building is part of a UNESCO World Heritage Site.
2020-12-06 14:01:48 - [CLIENT] thanks!
2020-12-06 14:01:52 - [AGENT] Do you want me to give you some information about sagrada familia?
2020-12-06 14:09:48 - ----------NEW CONEVERSATION STARTED----------
2020-12-06 14:09:48 - [AGENT] Hello, I am a Tourist Guide Assistant. How can I help you?
2020-12-06 14:10:02 - [CLIENT] i would like to eat chinese food
2020-12-06 14:10:05 - [AGENT] Okay, what location do you want me to search a restaurant in?
2020-12-06 14:10:13 - [CLIENT] Barcelona
2020-12-06 21:34:54 - ----------NEW CONEVERSATION STARTED----------
2020-12-06 21:34:54 - [AGENT] Hello, I am a Tourist Guide Assistant. How can I help you?
2020-12-06 21:35:18 - ----------NEW CONEVERSATION STARTED----------
2020-12-06 21:35:18 - [AGENT] Hello, I am a Tourist Guide Assistant. How can I help you?
2020-12-06 21:35:24 - [CLIENT] i want to eat out
2020-12-06 21:35:31 - [AGENT] Okay, what location do you want me to search a restaurant in?
2020-12-06 21:35:35 - [CLIENT] kolkata
2020-12-06 21:35:48 - [AGENT] Okay great, so I shall look for restaurants around Kolkata. Available cuisines are: seafood, bar food, maharashtrian, modern indian, odia, thai, desserts, kashmiri, malwani, mishti. What cuisine do you want to try?
2020-12-06 21:36:02 - [CLIENT] i want to have thai
2020-12-06 21:36:50 - ----------NEW CONEVERSATION STARTED----------
2020-12-06 21:36:50 - [AGENT] Hello, I am a Tourist Guide Assistant. How can I help you?
2020-12-06 21:36:53 - [CLIENT] i would like to eat chinese food
2020-12-06 21:36:59 - [AGENT] Okay, what location do you want me to search a restaurant in?
2020-12-06 21:37:05 - [CLIENT] kolkata
